[  1%] Built target rtabmap_costmap_plugins
[  2%] Built target rtabmap_point_cloud_assembler
[  3%] Built target rtabmap_pointcloud_to_depthimage
[  3%] Built target _rtabmap_ros_generate_messages_check_deps_GlobalDescriptor
[  3%] Built target _rtabmap_ros_generate_messages_check_deps_GetMap
[  3%] Built target _rtabmap_ros_generate_messages_check_deps_SetGoal
[  3%] Built target _rtabmap_ros_generate_messages_check_deps_Info
[  3%] Built target sensor_msgs_generate_messages_lisp
[  3%] Built target _rtabmap_ros_generate_messages_check_deps_GetPlan
[  3%] Built target _rtabmap_ros_generate_messages_check_deps_MapGraph
[  3%] Built target _rtabmap_ros_generate_messages_check_deps_ScanDescriptor
[  3%] Built target _rtabmap_ros_generate_messages_check_deps_SetLabel
[  3%] Built target _rtabmap_ros_generate_messages_check_deps_MapData
[  3%] Built target _rtabmap_ros_generate_messages_check_deps_NodeData
[  3%] Built target geometry_msgs_generate_messages_lisp
[  3%] Built target _rtabmap_ros_generate_messages_check_deps_Path
[  3%] Built target _rtabmap_ros_generate_messages_check_deps_PublishMap
[  3%] Built target _rtabmap_ros_generate_messages_check_deps_AddLink
[  3%] Built target _rtabmap_ros_generate_messages_check_deps_GPS
[  3%] Built target std_msgs_generate_messages_lisp
[  3%] Built target _rtabmap_ros_generate_messages_check_deps_KeyPoint
[  3%] Built target _rtabmap_ros_generate_messages_check_deps_OdomInfo
[  3%] Built target _rtabmap_ros_generate_messages_check_deps_RGBDImage
[  3%] Built target _rtabmap_ros_generate_messages_check_deps_ResetPose
[  3%] Built target _rtabmap_ros_generate_messages_check_deps_GetNodeData
[  3%] Built target _rtabmap_ros_generate_messages_check_deps_Goal
[  3%] Built target _rtabmap_ros_generate_messages_check_deps_ListLabels
[  3%] Built target _rtabmap_ros_generate_messages_check_deps_UserData
[  3%] Built target _rtabmap_ros_generate_messages_check_deps_Point2f
[  3%] Built target _rtabmap_ros_generate_messages_check_deps_Link
[  3%] Built target _rtabmap_ros_generate_messages_check_deps_Point3f
[  3%] Built target _rtabmap_ros_generate_messages_check_deps_GetMap2
[  3%] Built target rtabmap_ros_gencfg
[  3%] Built target std_msgs_generate_messages_nodejs
[  3%] Built target sensor_msgs_generate_messages_nodejs
[  3%] Built target geometry_msgs_generate_messages_nodejs
[  3%] Built target sensor_msgs_generate_messages_eus
[  3%] Built target geometry_msgs_generate_messages_eus
[  3%] Built target std_msgs_generate_messages_eus
[  3%] Built target geometry_msgs_generate_messages_py
[  3%] Built target sensor_msgs_generate_messages_py
[  3%] Built target std_msgs_generate_messages_py
[  3%] Built target sensor_msgs_generate_messages_cpp
[  3%] Built target std_msgs_generate_messages_cpp
[  3%] Built target geometry_msgs_generate_messages_cpp
[  4%] Built target rtabmap_imu_to_tf
[  5%] Built target rtabmap_icp_odometry
[  5%] Built target rtabmap_stereo_odometry
[  6%] Built target rtabmap_rgbd_sync
[  7%] Built target rtabmap
[  8%] Built target rtabmap_rgbdicp_odometry
[  9%] Built target rtabmap_rgbd_relay
[  9%] Built target rtabmap_costmap_plugins2
[  9%] Built target rtabmap_rgbd_odometry
[ 20%] Built target rtabmap_ros_generate_messages_lisp
[ 32%] Built target rtabmap_ros_generate_messages_eus
[ 43%] Built target rtabmap_ros_generate_messages_nodejs
[ 55%] Built target rtabmap_ros_generate_messages_cpp
[ 67%] Built target rtabmap_ros_generate_messages_py
[ 68%] Built target rtabmap_camera
[ 70%] Built target rtabmap_ros
[ 70%] Built target rtabmap_ros_generate_messages
[ 71%] Built target rtabmap_data_player
[ 76%] Built target rtabmap_sync
[ 77%] Built target rtabmap_save_objects_example
[ 78%] Built target rtabmap_wifi_signal_sub
[ 79%] Built target rtabmap_map_assembler
[ 79%] Built target rtabmap_map_optimizer
[ 80%] Built target rtabmap_wifi_signal_pub
[ 81%] Built target rtabmap_external_loop_detectionexample
[ 90%] Built target rtabmap_plugins
[ 91%] Built target rtabmap_stereo_camera
[ 92%] Built target rtabmap_odom_msg_to_tf
[ 97%] Built target rtabmap_rviz_plugins
[100%] Built target rtabmapviz
