Not searching for unused variables given on the command line.
[36m--[0m The C compiler identification is GNU 7.5.0
[36m--[0m The CXX compiler identification is GNU 7.5.0
[36m--[0m Check for working C compiler: /usr/bin/cc
[36m--[0m Check for working C compiler: /usr/bin/cc -- works
[36m--[0m Detecting C compiler ABI info
[36m--[0m Detecting C compiler ABI info - done
[36m--[0m Detecting C compile features
[36m--[0m Detecting C compile features - done
[36m--[0m Check for working CXX compiler: /usr/bin/c++
[36m--[0m Check for working CXX compiler: /usr/bin/c++ -- works
[36m--[0m Detecting CXX compiler ABI info
[36m--[0m Detecting CXX compiler ABI info - done
[36m--[0m Detecting CXX compile features
[36m--[0m Detecting CXX compile features - done
[36m--[0m Using CATKIN_DEVEL_PREFIX: /home/avg/catkin_ws/devel/.private/rtabmap_ros
[36m--[0m Using CMAKE_PREFIX_PATH: /home/avg/catkin_ws/devel;/opt/ros/melodic
[36m--[0m This workspace overlays: /home/avg/catkin_ws/devel;/opt/ros/melodic
[36m--[0m Found PythonInterp: /usr/bin/python2 (found suitable version "2.7.17", minimum required is "2")
[36m--[0m Using PYTHON_EXECUTABLE: /usr/bin/python2
[36m--[0m Using Debian Python package layout
[36m--[0m Using empy: /usr/bin/empy
[36m--[0m Using CATKIN_ENABLE_TESTING: ON
[36m--[0m Call enable_testing()
[36m--[0m Using CATKIN_TEST_RESULTS_DIR: /home/avg/catkin_ws/build/rtabmap_ros/test_results
[36m--[0m Found gtest sources under '/usr/src/googletest': gtests will be built
[36m--[0m Found gmock sources under '/usr/src/googletest': gmock will be built
[36m--[0m Found PythonInterp: /usr/bin/python2 (found version "2.7.17")
[36m--[0m Looking for pthread.h
[36m--[0m Looking for pthread.h - found
[36m--[0m Looking for pthread_create
[36m--[0m Looking for pthread_create - not found
[36m--[0m Looking for pthread_create in pthreads
[36m--[0m Looking for pthread_create in pthreads - not found
[36m--[0m Looking for pthread_create in pthread
[36m--[0m Looking for pthread_create in pthread - found
[36m--[0m Found Threads: TRUE
[36m--[0m Using Python nosetests: /usr/bin/nosetests-2.7
[36m--[0m catkin 0.7.26
[36m--[0m BUILD_SHARED_LIBS is on
[36m--[0m Using these message generators: gencpp;geneus;genlisp;gennodejs;genpy
[36m--[0m Found RTABMap: /usr/local/lib/librtabmap_core.so;/usr/local/lib/librtabmap_utilite.so;/usr/local/lib/librtabmap_gui.so;/usr/lib/x86_64-linux-gnu/libz.so;/opt/ros/melodic/lib/libg2o_core.so;/opt/ros/melodic/lib/libg2o_types_slam2d.so;/opt/ros/melodic/lib/libg2o_types_slam3d.so;/opt/ros/melodic/lib/libg2o_types_sba.so;/opt/ros/melodic/lib/libg2o_stuff.so;/opt/ros/melodic/lib/libg2o_solver_csparse.so;/opt/ros/melodic/lib/libg2o_csparse_extension.so;/usr/lib/x86_64-linux-gnu/libcxsparse.so;/opt/ros/melodic/lib/libg2o_solver_cholmod.so;/usr/lib/x86_64-linux-gnu/libcholmod.so;/usr/lib/x86_64-linux-gnu/libfreenect.so;/usr/lib/x86_64-linux-gnu/libfreenect_sync.so;/usr/lib/libOpenNI2.so;/usr/lib/x86_64-linux-gnu/libdc1394.so;/opt/ros/melodic/lib/liboctomap.so;/opt/ros/melodic/lib/liboctomath.so (Required is at least version "0.20.2")
[36m--[0m Found OpenCV: /usr (found version "3.2.0")
[36m--[0m Checking for module 'eigen3'
[36m--[0m   Found eigen3, version 3.3.4
[36m--[0m Found eigen: /usr/include/eigen3
[36m--[0m Checking for module 'libopenni'
[36m--[0m   Found libopenni, version 1.5.4.0
[36m--[0m Found openni: /usr/lib/libOpenNI.so
[36m--[0m The imported target "vtkRenderingPythonTkWidgets" references the file
   "/usr/lib/x86_64-linux-gnu/libvtkRenderingPythonTkWidgets.so"
but this file does not exist.  Possible reasons include:
* The file was deleted, renamed, or moved to another location.
* An install or uninstall procedure did not complete successfully.
* The installation package was faulty and contained
   "/usr/lib/cmake/vtk-6.3/VTKTargets.cmake"
but not all the files it references.

[36m--[0m The imported target "vtk" references the file
   "/usr/bin/vtk"
but this file does not exist.  Possible reasons include:
* The file was deleted, renamed, or moved to another location.
* An install or uninstall procedure did not complete successfully.
* The installation package was faulty and contained
   "/usr/lib/cmake/vtk-6.3/VTKTargets.cmake"
but not all the files it references.

[36m--[0m Found libusb-1.0: /usr/include
[36m--[0m Checking for module 'flann'
[36m--[0m   Found flann, version 1.9.1
[36m--[0m Found Flann: /usr/lib/x86_64-linux-gnu/libflann_cpp_s.a
[36m--[0m Found qhull: /usr/lib/x86_64-linux-gnu/libqhull.so
[36m--[0m Found PCL_COMMON: /usr/lib/x86_64-linux-gnu/libpcl_common.so
[36m--[0m Found PCL_OCTREE: /usr/lib/x86_64-linux-gnu/libpcl_octree.so
[36m--[0m Found PCL_IO: /usr/lib/x86_64-linux-gnu/libpcl_io.so
[36m--[0m Found PCL_KDTREE: /usr/lib/x86_64-linux-gnu/libpcl_kdtree.so
[36m--[0m Found PCL_SEARCH: /usr/lib/x86_64-linux-gnu/libpcl_search.so
[36m--[0m Found PCL_SURFACE: /usr/lib/x86_64-linux-gnu/libpcl_surface.so
[36m--[0m Found PCL_FILTERS: /usr/lib/x86_64-linux-gnu/libpcl_filters.so
[36m--[0m Found PCL_2D: /usr/include/pcl-1.8
[36m--[0m Found PCL_FEATURES: /usr/lib/x86_64-linux-gnu/libpcl_features.so
[36m--[0m Found PCL_REGISTRATION: /usr/lib/x86_64-linux-gnu/libpcl_registration.so
[36m--[0m Found PCL_SAMPLE_CONSENSUS: /usr/lib/x86_64-linux-gnu/libpcl_sample_consensus.so
[36m--[0m Found PCL_GEOMETRY: /usr/include/pcl-1.8
[36m--[0m Found PCL_ML: /usr/lib/x86_64-linux-gnu/libpcl_ml.so
[36m--[0m Found PCL_SEGMENTATION: /usr/lib/x86_64-linux-gnu/libpcl_segmentation.so
[36m--[0m Found PCL_VISUALIZATION: /usr/lib/x86_64-linux-gnu/libpcl_visualization.so
[36m--[0m RTABMAP_SYNC_MULTI_RGBD = OFF
[36m--[0m RTABMAP_SYNC_USER_DATA  = OFF
[36m--[0m rtabmap_ros: 16 messages, 10 services
[36m--[0m WITH octomap_msgs
[36m--[0m WITH apriltag_ros
[36m--[0m WITH find_object_2d
[36m--[0m checking for module 'OGRE'
[36m--[0m   found OGRE, version 1.9.0
[36m--[0m WITH rviz
[36m--[0m WITH costmap_2d
[36m--[0m Configuring done
[36m--[0m Generating done
[36m--[0m Build files have been written to: /home/avg/catkin_ws/build/rtabmap_ros
