Determining if the pthread_create exist failed with the following output:
Change Dir: /home/avg/catkin_ws/build/stereo_image_proc/CMakeFiles/CMakeTmp

Run Build Command:"/usr/bin/make" "cmTC_65fde/fast"
/usr/bin/make -f CMakeFiles/cmTC_65fde.dir/build.make CMakeFiles/cmTC_65fde.dir/build
make[1]: Entering directory '/home/avg/catkin_ws/build/stereo_image_proc/CMakeFiles/CMakeTmp'
Building C object CMakeFiles/cmTC_65fde.dir/CheckSymbolExists.c.o
/usr/bin/cc    -o CMakeFiles/cmTC_65fde.dir/CheckSymbolExists.c.o   -c /home/avg/catkin_ws/build/stereo_image_proc/CMakeFiles/CMakeTmp/CheckSymbolExists.c
Linking C executable cmTC_65fde
/usr/bin/cmake -E cmake_link_script CMakeFiles/cmTC_65fde.dir/link.txt --verbose=1
/usr/bin/cc      -rdynamic CMakeFiles/cmTC_65fde.dir/CheckSymbolExists.c.o  -o cmTC_65fde 
CMakeFiles/cmTC_65fde.dir/CheckSymbolExists.c.o: In function `main':
CheckSymbolExists.c:(.text+0x1b): undefined reference to `pthread_create'
collect2: error: ld returned 1 exit status
CMakeFiles/cmTC_65fde.dir/build.make:97: recipe for target 'cmTC_65fde' failed
make[1]: *** [cmTC_65fde] Error 1
make[1]: Leaving directory '/home/avg/catkin_ws/build/stereo_image_proc/CMakeFiles/CMakeTmp'
Makefile:126: recipe for target 'cmTC_65fde/fast' failed
make: *** [cmTC_65fde/fast] Error 2

File /home/avg/catkin_ws/build/stereo_image_proc/CMakeFiles/CMakeTmp/CheckSymbolExists.c:
/* */
#include <pthread.h>

int main(int argc, char** argv)
{
  (void)argv;
#ifndef pthread_create
  return ((int*)(&pthread_create))[argc];
#else
  (void)argc;
  return 0;
#endif
}

Determining if the function pthread_create exists in the pthreads failed with the following output:
Change Dir: /home/avg/catkin_ws/build/stereo_image_proc/CMakeFiles/CMakeTmp

Run Build Command:"/usr/bin/make" "cmTC_007df/fast"
/usr/bin/make -f CMakeFiles/cmTC_007df.dir/build.make CMakeFiles/cmTC_007df.dir/build
make[1]: Entering directory '/home/avg/catkin_ws/build/stereo_image_proc/CMakeFiles/CMakeTmp'
Building C object CMakeFiles/cmTC_007df.dir/CheckFunctionExists.c.o
/usr/bin/cc   -DCHECK_FUNCTION_EXISTS=pthread_create   -o CMakeFiles/cmTC_007df.dir/CheckFunctionExists.c.o   -c /usr/share/cmake-3.10/Modules/CheckFunctionExists.c
Linking C executable cmTC_007df
/usr/bin/cmake -E cmake_link_script CMakeFiles/cmTC_007df.dir/link.txt --verbose=1
/usr/bin/cc  -DCHECK_FUNCTION_EXISTS=pthread_create    -rdynamic CMakeFiles/cmTC_007df.dir/CheckFunctionExists.c.o  -o cmTC_007df -lpthreads 
/usr/bin/ld: cannot find -lpthreads
collect2: error: ld returned 1 exit status
CMakeFiles/cmTC_007df.dir/build.make:97: recipe for target 'cmTC_007df' failed
make[1]: *** [cmTC_007df] Error 1
make[1]: Leaving directory '/home/avg/catkin_ws/build/stereo_image_proc/CMakeFiles/CMakeTmp'
Makefile:126: recipe for target 'cmTC_007df/fast' failed
make: *** [cmTC_007df/fast] Error 2


