Determining if the pthread_create exist failed with the following output:
Change Dir: /home/avg/catkin_ws/build/turtlebot3_fake/CMakeFiles/CMakeTmp

Run Build Command:"/usr/bin/make" "cmTC_c043b/fast"
/usr/bin/make -f CMakeFiles/cmTC_c043b.dir/build.make CMakeFiles/cmTC_c043b.dir/build
make[1]: Entering directory '/home/avg/catkin_ws/build/turtlebot3_fake/CMakeFiles/CMakeTmp'
Building C object CMakeFiles/cmTC_c043b.dir/CheckSymbolExists.c.o
/usr/bin/cc    -o CMakeFiles/cmTC_c043b.dir/CheckSymbolExists.c.o   -c /home/avg/catkin_ws/build/turtlebot3_fake/CMakeFiles/CMakeTmp/CheckSymbolExists.c
Linking C executable cmTC_c043b
/usr/bin/cmake -E cmake_link_script CMakeFiles/cmTC_c043b.dir/link.txt --verbose=1
/usr/bin/cc      -rdynamic CMakeFiles/cmTC_c043b.dir/CheckSymbolExists.c.o  -o cmTC_c043b 
CMakeFiles/cmTC_c043b.dir/CheckSymbolExists.c.o: In function `main':
CheckSymbolExists.c:(.text+0x1b): undefined reference to `pthread_create'
collect2: error: ld returned 1 exit status
CMakeFiles/cmTC_c043b.dir/build.make:97: recipe for target 'cmTC_c043b' failed
make[1]: *** [cmTC_c043b] Error 1
make[1]: Leaving directory '/home/avg/catkin_ws/build/turtlebot3_fake/CMakeFiles/CMakeTmp'
Makefile:126: recipe for target 'cmTC_c043b/fast' failed
make: *** [cmTC_c043b/fast] Error 2

File /home/avg/catkin_ws/build/turtlebot3_fake/CMakeFiles/CMakeTmp/CheckSymbolExists.c:
/* */
#include <pthread.h>

int main(int argc, char** argv)
{
  (void)argv;
#ifndef pthread_create
  return ((int*)(&pthread_create))[argc];
#else
  (void)argc;
  return 0;
#endif
}

Determining if the function pthread_create exists in the pthreads failed with the following output:
Change Dir: /home/avg/catkin_ws/build/turtlebot3_fake/CMakeFiles/CMakeTmp

Run Build Command:"/usr/bin/make" "cmTC_e0fe1/fast"
/usr/bin/make -f CMakeFiles/cmTC_e0fe1.dir/build.make CMakeFiles/cmTC_e0fe1.dir/build
make[1]: Entering directory '/home/avg/catkin_ws/build/turtlebot3_fake/CMakeFiles/CMakeTmp'
Building C object CMakeFiles/cmTC_e0fe1.dir/CheckFunctionExists.c.o
/usr/bin/cc   -DCHECK_FUNCTION_EXISTS=pthread_create   -o CMakeFiles/cmTC_e0fe1.dir/CheckFunctionExists.c.o   -c /usr/share/cmake-3.10/Modules/CheckFunctionExists.c
Linking C executable cmTC_e0fe1
/usr/bin/cmake -E cmake_link_script CMakeFiles/cmTC_e0fe1.dir/link.txt --verbose=1
/usr/bin/cc  -DCHECK_FUNCTION_EXISTS=pthread_create    -rdynamic CMakeFiles/cmTC_e0fe1.dir/CheckFunctionExists.c.o  -o cmTC_e0fe1 -lpthreads 
/usr/bin/ld: cannot find -lpthreads
collect2: error: ld returned 1 exit status
CMakeFiles/cmTC_e0fe1.dir/build.make:97: recipe for target 'cmTC_e0fe1' failed
make[1]: *** [cmTC_e0fe1] Error 1
make[1]: Leaving directory '/home/avg/catkin_ws/build/turtlebot3_fake/CMakeFiles/CMakeTmp'
Makefile:126: recipe for target 'cmTC_e0fe1/fast' failed
make: *** [cmTC_e0fe1/fast] Error 2


