Determining if the pthread_create exist failed with the following output:
Change Dir: /home/avg/catkin_ws/build/base_local_planner/CMakeFiles/CMakeTmp

Run Build Command:"/usr/bin/make" "cmTC_848ce/fast"
/usr/bin/make -f CMakeFiles/cmTC_848ce.dir/build.make CMakeFiles/cmTC_848ce.dir/build
make[1]: Entering directory '/home/avg/catkin_ws/build/base_local_planner/CMakeFiles/CMakeTmp'
Building C object CMakeFiles/cmTC_848ce.dir/CheckSymbolExists.c.o
/usr/bin/cc    -o CMakeFiles/cmTC_848ce.dir/CheckSymbolExists.c.o   -c /home/avg/catkin_ws/build/base_local_planner/CMakeFiles/CMakeTmp/CheckSymbolExists.c
Linking C executable cmTC_848ce
/usr/bin/cmake -E cmake_link_script CMakeFiles/cmTC_848ce.dir/link.txt --verbose=1
/usr/bin/cc      -rdynamic CMakeFiles/cmTC_848ce.dir/CheckSymbolExists.c.o  -o cmTC_848ce 
CMakeFiles/cmTC_848ce.dir/CheckSymbolExists.c.o: In function `main':
CheckSymbolExists.c:(.text+0x1b): undefined reference to `pthread_create'
collect2: error: ld returned 1 exit status
CMakeFiles/cmTC_848ce.dir/build.make:97: recipe for target 'cmTC_848ce' failed
make[1]: *** [cmTC_848ce] Error 1
make[1]: Leaving directory '/home/avg/catkin_ws/build/base_local_planner/CMakeFiles/CMakeTmp'
Makefile:126: recipe for target 'cmTC_848ce/fast' failed
make: *** [cmTC_848ce/fast] Error 2

File /home/avg/catkin_ws/build/base_local_planner/CMakeFiles/CMakeTmp/CheckSymbolExists.c:
/* */
#include <pthread.h>

int main(int argc, char** argv)
{
  (void)argv;
#ifndef pthread_create
  return ((int*)(&pthread_create))[argc];
#else
  (void)argc;
  return 0;
#endif
}

Determining if the function pthread_create exists in the pthreads failed with the following output:
Change Dir: /home/avg/catkin_ws/build/base_local_planner/CMakeFiles/CMakeTmp

Run Build Command:"/usr/bin/make" "cmTC_9862e/fast"
/usr/bin/make -f CMakeFiles/cmTC_9862e.dir/build.make CMakeFiles/cmTC_9862e.dir/build
make[1]: Entering directory '/home/avg/catkin_ws/build/base_local_planner/CMakeFiles/CMakeTmp'
Building C object CMakeFiles/cmTC_9862e.dir/CheckFunctionExists.c.o
/usr/bin/cc   -DCHECK_FUNCTION_EXISTS=pthread_create   -o CMakeFiles/cmTC_9862e.dir/CheckFunctionExists.c.o   -c /usr/share/cmake-3.10/Modules/CheckFunctionExists.c
Linking C executable cmTC_9862e
/usr/bin/cmake -E cmake_link_script CMakeFiles/cmTC_9862e.dir/link.txt --verbose=1
/usr/bin/cc  -DCHECK_FUNCTION_EXISTS=pthread_create    -rdynamic CMakeFiles/cmTC_9862e.dir/CheckFunctionExists.c.o  -o cmTC_9862e -lpthreads 
/usr/bin/ld: cannot find -lpthreads
collect2: error: ld returned 1 exit status
CMakeFiles/cmTC_9862e.dir/build.make:97: recipe for target 'cmTC_9862e' failed
make[1]: *** [cmTC_9862e] Error 1
make[1]: Leaving directory '/home/avg/catkin_ws/build/base_local_planner/CMakeFiles/CMakeTmp'
Makefile:126: recipe for target 'cmTC_9862e/fast' failed
make: *** [cmTC_9862e/fast] Error 2


