Determining if the pthread_create exist failed with the following output:
Change Dir: /home/avg/catkin_ws/build/map_server/CMakeFiles/CMakeTmp

Run Build Command:"/usr/bin/make" "cmTC_070a2/fast"
/usr/bin/make -f CMakeFiles/cmTC_070a2.dir/build.make CMakeFiles/cmTC_070a2.dir/build
make[1]: Entering directory '/home/avg/catkin_ws/build/map_server/CMakeFiles/CMakeTmp'
Building C object CMakeFiles/cmTC_070a2.dir/CheckSymbolExists.c.o
/usr/bin/cc    -o CMakeFiles/cmTC_070a2.dir/CheckSymbolExists.c.o   -c /home/avg/catkin_ws/build/map_server/CMakeFiles/CMakeTmp/CheckSymbolExists.c
Linking C executable cmTC_070a2
/usr/bin/cmake -E cmake_link_script CMakeFiles/cmTC_070a2.dir/link.txt --verbose=1
/usr/bin/cc      -rdynamic CMakeFiles/cmTC_070a2.dir/CheckSymbolExists.c.o  -o cmTC_070a2 
CMakeFiles/cmTC_070a2.dir/CheckSymbolExists.c.o: In function `main':
CheckSymbolExists.c:(.text+0x1b): undefined reference to `pthread_create'
collect2: error: ld returned 1 exit status
CMakeFiles/cmTC_070a2.dir/build.make:97: recipe for target 'cmTC_070a2' failed
make[1]: *** [cmTC_070a2] Error 1
make[1]: Leaving directory '/home/avg/catkin_ws/build/map_server/CMakeFiles/CMakeTmp'
Makefile:126: recipe for target 'cmTC_070a2/fast' failed
make: *** [cmTC_070a2/fast] Error 2

File /home/avg/catkin_ws/build/map_server/CMakeFiles/CMakeTmp/CheckSymbolExists.c:
/* */
#include <pthread.h>

int main(int argc, char** argv)
{
  (void)argv;
#ifndef pthread_create
  return ((int*)(&pthread_create))[argc];
#else
  (void)argc;
  return 0;
#endif
}

Determining if the function pthread_create exists in the pthreads failed with the following output:
Change Dir: /home/avg/catkin_ws/build/map_server/CMakeFiles/CMakeTmp

Run Build Command:"/usr/bin/make" "cmTC_58b32/fast"
/usr/bin/make -f CMakeFiles/cmTC_58b32.dir/build.make CMakeFiles/cmTC_58b32.dir/build
make[1]: Entering directory '/home/avg/catkin_ws/build/map_server/CMakeFiles/CMakeTmp'
Building C object CMakeFiles/cmTC_58b32.dir/CheckFunctionExists.c.o
/usr/bin/cc   -DCHECK_FUNCTION_EXISTS=pthread_create   -o CMakeFiles/cmTC_58b32.dir/CheckFunctionExists.c.o   -c /usr/share/cmake-3.10/Modules/CheckFunctionExists.c
Linking C executable cmTC_58b32
/usr/bin/cmake -E cmake_link_script CMakeFiles/cmTC_58b32.dir/link.txt --verbose=1
/usr/bin/cc  -DCHECK_FUNCTION_EXISTS=pthread_create    -rdynamic CMakeFiles/cmTC_58b32.dir/CheckFunctionExists.c.o  -o cmTC_58b32 -lpthreads 
/usr/bin/ld: cannot find -lpthreads
collect2: error: ld returned 1 exit status
CMakeFiles/cmTC_58b32.dir/build.make:97: recipe for target 'cmTC_58b32' failed
make[1]: *** [cmTC_58b32] Error 1
make[1]: Leaving directory '/home/avg/catkin_ws/build/map_server/CMakeFiles/CMakeTmp'
Makefile:126: recipe for target 'cmTC_58b32/fast' failed
make: *** [cmTC_58b32/fast] Error 2


