Determining if the pthread_create exist failed with the following output:
Change Dir: /home/avg/catkin_ws/build/image_proc/CMakeFiles/CMakeTmp

Run Build Command:"/usr/bin/make" "cmTC_148bf/fast"
/usr/bin/make -f CMakeFiles/cmTC_148bf.dir/build.make CMakeFiles/cmTC_148bf.dir/build
make[1]: Entering directory '/home/avg/catkin_ws/build/image_proc/CMakeFiles/CMakeTmp'
Building C object CMakeFiles/cmTC_148bf.dir/CheckSymbolExists.c.o
/usr/bin/cc    -o CMakeFiles/cmTC_148bf.dir/CheckSymbolExists.c.o   -c /home/avg/catkin_ws/build/image_proc/CMakeFiles/CMakeTmp/CheckSymbolExists.c
Linking C executable cmTC_148bf
/usr/bin/cmake -E cmake_link_script CMakeFiles/cmTC_148bf.dir/link.txt --verbose=1
/usr/bin/cc      -rdynamic CMakeFiles/cmTC_148bf.dir/CheckSymbolExists.c.o  -o cmTC_148bf 
CMakeFiles/cmTC_148bf.dir/CheckSymbolExists.c.o: In function `main':
CheckSymbolExists.c:(.text+0x1b): undefined reference to `pthread_create'
collect2: error: ld returned 1 exit status
CMakeFiles/cmTC_148bf.dir/build.make:97: recipe for target 'cmTC_148bf' failed
make[1]: *** [cmTC_148bf] Error 1
make[1]: Leaving directory '/home/avg/catkin_ws/build/image_proc/CMakeFiles/CMakeTmp'
Makefile:126: recipe for target 'cmTC_148bf/fast' failed
make: *** [cmTC_148bf/fast] Error 2

File /home/avg/catkin_ws/build/image_proc/CMakeFiles/CMakeTmp/CheckSymbolExists.c:
/* */
#include <pthread.h>

int main(int argc, char** argv)
{
  (void)argv;
#ifndef pthread_create
  return ((int*)(&pthread_create))[argc];
#else
  (void)argc;
  return 0;
#endif
}

Determining if the function pthread_create exists in the pthreads failed with the following output:
Change Dir: /home/avg/catkin_ws/build/image_proc/CMakeFiles/CMakeTmp

Run Build Command:"/usr/bin/make" "cmTC_58d57/fast"
/usr/bin/make -f CMakeFiles/cmTC_58d57.dir/build.make CMakeFiles/cmTC_58d57.dir/build
make[1]: Entering directory '/home/avg/catkin_ws/build/image_proc/CMakeFiles/CMakeTmp'
Building C object CMakeFiles/cmTC_58d57.dir/CheckFunctionExists.c.o
/usr/bin/cc   -DCHECK_FUNCTION_EXISTS=pthread_create   -o CMakeFiles/cmTC_58d57.dir/CheckFunctionExists.c.o   -c /usr/share/cmake-3.10/Modules/CheckFunctionExists.c
Linking C executable cmTC_58d57
/usr/bin/cmake -E cmake_link_script CMakeFiles/cmTC_58d57.dir/link.txt --verbose=1
/usr/bin/cc  -DCHECK_FUNCTION_EXISTS=pthread_create    -rdynamic CMakeFiles/cmTC_58d57.dir/CheckFunctionExists.c.o  -o cmTC_58d57 -lpthreads 
/usr/bin/ld: cannot find -lpthreads
collect2: error: ld returned 1 exit status
CMakeFiles/cmTC_58d57.dir/build.make:97: recipe for target 'cmTC_58d57' failed
make[1]: *** [cmTC_58d57] Error 1
make[1]: Leaving directory '/home/avg/catkin_ws/build/image_proc/CMakeFiles/CMakeTmp'
Makefile:126: recipe for target 'cmTC_58d57/fast' failed
make: *** [cmTC_58d57/fast] Error 2


